=> Booting Puma
=> Rails 8.1.3 application starting in development
=> Run `bin/rails server --help` for more startup options
Puma starting in single mode...
* Puma version: 8.0.2 ("Into the Arena")
* Ruby version: ruby 3.2.3 (2024-01-18 revision 52bb2ac0a6) [x86_64-linux-gnu]
*  Min threads: 0
*  Max threads: 5
*  Environment: development
*          PID: 104063
* Listening on http://127.0.0.1:3000
* Listening on http://[::1]:3000
Use Ctrl-C to stop
Started GET "/" for ::1 at 2026-06-07 07:15:48 +0000
  [1m[36mActiveRecord::SchemaMigration Load (0.2ms)[0m  [1m[34mSELECT "schema_migrations"."version" FROM "schema_migrations" ORDER BY "schema_migrations"."version" ASC[0m
Processing by LandingController#index as HTML
  Rendering layout layouts/application.html.erb
  Rendering landing/index.html.erb within layouts/application
  [1m[36mActivity Exists? (0.2ms)[0m  [1m[34mSELECT 1 AS one FROM "activities" LIMIT ? OFFSET ?[0m  [["LIMIT", 1], ["OFFSET", 0]]
  â†ł app/views/landing/index.html.erb:13
  [1m[36mUser Load (0.3ms)[0m  [1m[34mSELECT "users".* FROM "users" WHERE "users"."confirmed_at" IS NOT NULL LIMIT ?[0m  [["LIMIT", 5]]
  â†ł app/views/landing/index.html.erb:82
  Rendered landing/index.html.erb within layouts/application (Duration: 7.8ms | GC: 0.0ms)
  Rendered layout layouts/application.html.erb (Duration: 15.1ms | GC: 0.0ms)
Completed 200 OK in 96ms (Views: 21.1ms | ActiveRecord: 5.4ms (2 queries, 0 cached) | GC: 0.0ms)


Started GET "/login" for ::1 at 2026-06-07 07:15:49 +0000
Processing by SessionsController#new as HTML
  Rendering layout layouts/application.html.erb
  Rendering sessions/new.html.erb within layouts/application
  Rendered sessions/new.html.erb within layouts/application (Duration: 9.5ms | GC: 0.0ms)
  Rendered layout layouts/application.html.erb (Duration: 10.9ms | GC: 0.0ms)
Completed 200 OK in 15ms (Views: 11.7ms | ActiveRecord: 0.0ms (0 queries, 0 cached) | GC: 0.0ms)


Started GET "/users/1/edit" for ::1 at 2026-06-07 07:15:51 +0000
Processing by UsersController#edit as HTML
  Parameters: {"id"=>"1"}
Redirected to http://localhost:3000/login
Filter chain halted as :logged_in_user rendered or redirected
Completed 302 Found in 2ms (ActiveRecord: 0.0ms (0 queries, 0 cached) | GC: 0.0ms)


Started GET "/login" for ::1 at 2026-06-07 07:15:51 +0000
Processing by SessionsController#new as HTML
  Rendering layout layouts/application.html.erb
  Rendering sessions/new.html.erb within layouts/application
  Rendered sessions/new.html.erb within layouts/application (Duration: 1.1ms | GC: 0.0ms)
  Rendered layout layouts/application.html.erb (Duration: 2.1ms | GC: 0.0ms)
Completed 200 OK in 4ms (Views: 2.6ms | ActiveRecord: 0.0ms (0 queries, 0 cached) | GC: 0.0ms)


Started GET "/" for ::1 at 2026-06-07 07:17:47 +0000
Processing by LandingController#index as HTML
  Rendering layout layouts/application.html.erb
  Rendering landing/index.html.erb within layouts/application
  [1m[36mActivity Exists? (0.3ms)[0m  [1m[34mSELECT 1 AS one FROM "activities" LIMIT ? OFFSET ?[0m  [["LIMIT", 1], ["OFFSET", 0]]
  â†ł app/views/landing/index.html.erb:13
  [1m[36mUser Load (0.1ms)[0m  [1m[34mSELECT "users".* FROM "users" WHERE "users"."confirmed_at" IS NOT NULL LIMIT ?[0m  [["LIMIT", 5]]
  â†ł app/views/landing/index.html.erb:82
  Rendered landing/index.html.erb within layouts/application (Duration: 3.0ms | GC: 0.0ms)
  Rendered layout layouts/application.html.erb (Duration: 5.4ms | GC: 0.0ms)
Completed 200 OK in 9ms (Views: 6.2ms | ActiveRecord: 0.4ms (2 queries, 0 cached) | GC: 0.0ms)


Started GET "/login" for ::1 at 2026-06-07 07:17:48 +0000
Processing by SessionsController#new as HTML
  Rendering layout layouts/application.html.erb
  Rendering sessions/new.html.erb within layouts/application
  Rendered sessions/new.html.erb within layouts/application (Duration: 1.2ms | GC: 0.0ms)
  Rendered layout layouts/application.html.erb (Duration: 2.9ms | GC: 0.0ms)
Completed 200 OK in 5ms (Views: 3.6ms | ActiveRecord: 0.0ms (0 queries, 0 cached) | GC: 0.0ms)


Started GET "/" for ::1 at 2026-06-07 07:19:06 +0000
Processing by LandingController#index as HTML
  Rendering layout layouts/application.html.erb
  Rendering landing/index.html.erb within layouts/application
  [1m[36mActivity Exists? (0.2ms)[0m  [1m[34mSELECT 1 AS one FROM "activities" LIMIT ? OFFSET ?[0m  [["LIMIT", 1], ["OFFSET", 0]]
  â†ł app/views/landing/index.html.erb:13
  [1m[36mUser Load (0.6ms)[0m  [1m[34mSELECT "users".* FROM "users" WHERE "users"."confirmed_at" IS NOT NULL LIMIT ?[0m  [["LIMIT", 5]]
  â†ł app/views/landing/index.html.erb:82
  Rendered landing/index.html.erb within layouts/application (Duration: 4.8ms | GC: 0.0ms)
  Rendered layout layouts/application.html.erb (Duration: 7.8ms | GC: 0.0ms)
Completed 200 OK in 11ms (Views: 8.0ms | ActiveRecord: 0.8ms (2 queries, 0 cached) | GC: 0.0ms)


Started GET "/login" for ::1 at 2026-06-07 07:19:07 +0000
Processing by SessionsController#new as HTML
  Rendering layout layouts/application.html.erb
  Rendering sessions/new.html.erb within layouts/application
  Rendered sessions/new.html.erb within layouts/application (Duration: 1.3ms | GC: 0.0ms)
  Rendered layout layouts/application.html.erb (Duration: 2.3ms | GC: 0.0ms)
Completed 200 OK in 4ms (Views: 2.9ms | ActiveRecord: 0.0ms (0 queries, 0 cached) | GC: 0.0ms)


Started GET "/" for ::1 at 2026-06-07 07:21:13 +0000
Processing by LandingController#index as HTML
  Rendering layout layouts/application.html.erb
  Rendering landing/index.html.erb within layouts/application
  [1m[36mActivity Exists? (0.2ms)[0m  [1m[34mSELECT 1 AS one FROM "activities" LIMIT ? OFFSET ?[0m  [["LIMIT", 1], ["OFFSET", 0]]
  â†ł app/views/landing/index.html.erb:13
  [1m[36mUser Load (0.2ms)[0m  [1m[34mSELECT "users".* FROM "users" WHERE "users"."confirmed_at" IS NOT NULL LIMIT ?[0m  [["LIMIT", 5]]
  â†ł app/views/landing/index.html.erb:82
  Rendered landing/index.html.erb within layouts/application (Duration: 5.5ms | GC: 1.2ms)
  Rendered layout layouts/application.html.erb (Duration: 12.3ms | GC: 2.3ms)
Completed 200 OK in 75ms (Views: 14.1ms | ActiveRecord: 3.5ms (2 queries, 0 cached) | GC: 31.0ms)


Started GET "/tv_shows" for ::1 at 2026-06-07 07:21:15 +0000
Processing by TvShowsController#index as HTML
  Rendering layout layouts/application.html.erb
  Rendering tv_shows/index.html.erb within layouts/application
  [1m[36mTvShow Load (0.6ms)[0m  [1m[34mSELECT "tv_shows".* FROM "tv_shows" LIMIT ? OFFSET ?[0m  [["LIMIT", 25], ["OFFSET", 0]]
  â†ł app/views/tv_shows/index.html.erb:8
  Rendered tv_shows/index.html.erb within layouts/application (Duration: 6.1ms | GC: 0.4ms)
  Rendered layout layouts/application.html.erb (Duration: 7.5ms | GC: 0.4ms)
Completed 200 OK in 70ms (Views: 9.1ms | ActiveRecord: 1.1ms (1 query, 0 cached) | GC: 2.5ms)


Started GET "/tv_shows/1" for ::1 at 2026-06-07 07:21:16 +0000
Processing by TvShowsController#show as HTML
  Parameters: {"id"=>"1"}
  [1m[36mTvShow Load (0.3ms)[0m  [1m[34mSELECT "tv_shows".* FROM "tv_shows" WHERE "tv_shows"."id" = ? LIMIT ?[0m  [["id", 1], ["LIMIT", 1]]
  â†ł app/controllers/inventory_controller.rb:52:in `show'
Completed 404 Not Found in 9ms (ActiveRecord: 1.3ms (1 query, 0 cached) | GC: 0.4ms)



ActiveRecord::RecordNotFound (Couldn't find TvShow with 'id'="1"):

app/controllers/inventory_controller.rb:52:in `show'
Started GET "/movies/1" for ::1 at 2026-06-07 07:21:17 +0000
Processing by MoviesController#show as HTML
  Parameters: {"id"=>"1"}
  [1m[36mMovie Load (0.3ms)[0m  [1m[34mSELECT "movies".* FROM "movies" WHERE "movies"."id" = ? LIMIT ?[0m  [["id", 1], ["LIMIT", 1]]
  â†ł app/controllers/movies_controller.rb:11:in `show'
Completed 404 Not Found in 10ms (ActiveRecord: 0.9ms (1 query, 0 cached) | GC: 0.2ms)



ActiveRecord::RecordNotFound (Couldn't find Movie with 'id'="1"):

app/controllers/movies_controller.rb:11:in `show'
Started GET "/" for ::1 at 2026-06-07 07:22:40 +0000
Processing by LandingController#index as HTML
  Rendering layout layouts/application.html.erb
  Rendering landing/index.html.erb within layouts/application
  [1m[36mActivity Exists? (0.3ms)[0m  [1m[34mSELECT 1 AS one FROM "activities" LIMIT ? OFFSET ?[0m  [["LIMIT", 1], ["OFFSET", 0]]
  â†ł app/views/landing/index.html.erb:13
  [1m[36mActivity Load (0.2ms)[0m  [1m[34mSELECT "activities".* FROM "activities" ORDER BY "activities"."created_at" DESC LIMIT ? OFFSET ?[0m  [["LIMIT", 15], ["OFFSET", 0]]
  â†ł app/views/landing/index.html.erb:16
  [1m[36mUser Load (0.2ms)[0m  [1m[34mSELECT "users".* FROM "users" WHERE "users"."id" = ?[0m  [["id", 1]]
  â†ł app/views/landing/index.html.erb:16
  [1m[36mMovie Load (0.5ms)[0m  [1m[34mSELECT "movies".* FROM "movies" WHERE "movies"."id" = ?[0m  [["id", 1]]
  â†ł app/views/landing/index.html.erb:16
  [1m[36mTvShow Load (0.3ms)[0m  [1m[34mSELECT "tv_shows".* FROM "tv_shows" WHERE "tv_shows"."id" = ?[0m  [["id", 1]]
  â†ł app/views/landing/index.html.erb:16
  Rendered landing/index.html.erb within layouts/application (Duration: 52.5ms | GC: 0.9ms)
  Rendered layout layouts/application.html.erb (Duration: 52.7ms | GC: 0.9ms)
Completed 500 Internal Server Error in 55ms (ActiveRecord: 2.0ms (5 queries, 0 cached) | GC: 0.9ms)



ActionView::Template::Error (can't convert nil into Integer)
Caused by: TypeError (can't convert nil into Integer)

Information for: ActionView::Template::Error (can't convert nil into Integer):
    36:               <div class="activity-body">
    37:                 <div class="activity-header">
    38:                   <span class="activity-text">
    39:                     <%= activity_link_description(activity) %>
    40:                   </span>
    41:                   <% if trackable&.review.present? && activity.activity_type == 'reviewed' %>
    42:                     <div class="activity-review-quote">

app/helpers/activities_helper.rb:42:in `format'
app/helpers/activities_helper.rb:42:in `added_description'
app/helpers/activities_helper.rb:15:in `activity_link_description'
app/views/landing/index.html.erb:39
app/views/landing/index.html.erb:16

Information for cause: TypeError (can't convert nil into Integer):

app/helpers/activities_helper.rb:42:in `format'
app/helpers/activities_helper.rb:42:in `added_description'
app/helpers/activities_helper.rb:15:in `activity_link_description'
app/views/landing/index.html.erb:39
app/views/landing/index.html.erb:16
Started GET "/tv_shows" for ::1 at 2026-06-07 07:22:41 +0000
Processing by TvShowsController#index as HTML
  Rendering layout layouts/application.html.erb
  Rendering tv_shows/index.html.erb within layouts/application
  [1m[36mTvShow Load (0.2ms)[0m  [1m[34mSELECT "tv_shows".* FROM "tv_shows" LIMIT ? OFFSET ?[0m  [["LIMIT", 25], ["OFFSET", 0]]
  â†ł app/views/tv_shows/index.html.erb:8
  [1m[36mActiveStorage::Attachment Load (0.2ms)[0m  [1m[34mSELECT "active_storage_attachments".* FROM "active_storage_attachments" WHERE "active_storage_attachments"."record_id" = ? AND "active_storage_attachments"."record_type" = ? AND "active_storage_attachments"."name" = ? LIMIT ?[0m  [["record_id", 1], ["record_type", "TvShow"], ["name", "cover_image"], ["LIMIT", 1]]
  â†ł app/views/tv_shows/index.html.erb:11
  Rendered tv_shows/index.html.erb within layouts/application (Duration: 14.8ms | GC: 0.4ms)
  Rendered layout layouts/application.html.erb (Duration: 15.8ms | GC: 0.4ms)
Completed 200 OK in 18ms (Views: 15.6ms | ActiveRecord: 0.9ms (2 queries, 0 cached) | GC: 0.4ms)


Started GET "/tv_shows/1" for ::1 at 2026-06-07 07:22:42 +0000
Processing by TvShowsController#show as HTML
  Parameters: {"id"=>"1"}
  [1m[36mTvShow Load (0.2ms)[0m  [1m[34mSELECT "tv_shows".* FROM "tv_shows" WHERE "tv_shows"."id" = ? LIMIT ?[0m  [["id", 1], ["LIMIT", 1]]
  â†ł app/controllers/inventory_controller.rb:52:in `show'
  Rendering layout layouts/application.html.erb
  Rendering tv_shows/show.html.erb within layouts/application
  [1m[36mActiveStorage::Attachment Load (0.3ms)[0m  [1m[34mSELECT "active_storage_attachments".* FROM "active_storage_attachments" WHERE "active_storage_attachments"."record_id" = ? AND "active_storage_attachments"."record_type" = ? AND "active_storage_attachments"."name" = ? LIMIT ?[0m  [["record_id", 1], ["record_type", "TvShow"], ["name", "cover_image"], ["LIMIT", 1]]
  â†ł app/views/tv_shows/show.html.erb:4
  [1m[36mTvShow Load (0.2ms)[0m  [1m[34mSELECT "tv_shows".* FROM "tv_shows" WHERE (LOWER(title) = ?)[0m  [[nil, "breaking bad"]]
  â†ł app/helpers/application_helper.rb:18:in `map'
  [1m[36mUser Load (0.1ms)[0m  [1m[34mSELECT "users".* FROM "users" WHERE "users"."id" = ?[0m  [["id", 1]]
  â†ł app/helpers/application_helper.rb:18:in `map'
  Rendered tv_shows/show.html.erb within layouts/application (Duration: 7.1ms | GC: 0.0ms)
  Rendered layout layouts/application.html.erb (Duration: 8.2ms | GC: 0.0ms)
Completed 200 OK in 12ms (Views: 8.2ms | ActiveRecord: 0.8ms (4 queries, 0 cached) | GC: 0.0ms)


Started GET "/movies/1" for ::1 at 2026-06-07 07:22:44 +0000
Processing by MoviesController#show as HTML
  Parameters: {"id"=>"1"}
  [1m[36mMovie Load (0.2ms)[0m  [1m[34mSELECT "movies".* FROM "movies" WHERE "movies"."id" = ? LIMIT ?[0m  [["id", 1], ["LIMIT", 1]]
  â†ł app/controllers/movies_controller.rb:11:in `show'
  Rendering layout layouts/application.html.erb
  Rendering movies/show.html.erb within layouts/application
  [1m[36mActiveStorage::Attachment Load (0.2ms)[0m  [1m[34mSELECT "active_storage_attachments".* FROM "active_storage_attachments" WHERE "active_storage_attachments"."record_id" = ? AND "active_storage_attachments"."record_type" = ? AND "active_storage_attachments"."name" = ? LIMIT ?[0m  [["record_id", 1], ["record_type", "Movie"], ["name", "cover_image"], ["LIMIT", 1]]
  â†ł app/views/movies/show.html.erb:4
  [1m[36mMovie Load (0.2ms)[0m  [1m[34mSELECT "movies".* FROM "movies" WHERE (LOWER(title) = ?)[0m  [[nil, "the matrix"]]
  â†ł app/helpers/application_helper.rb:18:in `map'
  [1m[36mUser Load (0.1ms)[0m  [1m[34mSELECT "users".* FROM "users" WHERE "users"."id" = ?[0m  [["id", 1]]
  â†ł app/helpers/application_helper.rb:18:in `map'
  Rendered movies/show.html.erb within layouts/application (Duration: 7.5ms | GC: 0.0ms)
  Rendered layout layouts/application.html.erb (Duration: 8.5ms | GC: 0.0ms)
Completed 200 OK in 12ms (Views: 8.8ms | ActiveRecord: 0.6ms (4 queries, 0 cached) | GC: 0.0ms)


Started GET "/" for ::1 at 2026-06-07 07:24:16 +0000
Processing by LandingController#index as HTML
  Rendering layout layouts/application.html.erb
  Rendering landing/index.html.erb within layouts/application
  [1m[36mActivity Exists? (0.2ms)[0m  [1m[34mSELECT 1 AS one FROM "activities" LIMIT ? OFFSET ?[0m  [["LIMIT", 1], ["OFFSET", 0]]
  â†ł app/views/landing/index.html.erb:13
  [1m[36mActivity Load (0.2ms)[0m  [1m[34mSELECT "activities".* FROM "activities" ORDER BY "activities"."created_at" DESC LIMIT ? OFFSET ?[0m  [["LIMIT", 15], ["OFFSET", 0]]
  â†ł app/views/landing/index.html.erb:16
  [1m[36mUser Load (0.1ms)[0m  [1m[34mSELECT "users".* FROM "users" WHERE "users"."id" = ?[0m  [["id", 1]]
  â†ł app/views/landing/index.html.erb:16
  [1m[36mMovie Load (0.1ms)[0m  [1m[34mSELECT "movies".* FROM "movies" WHERE "movies"."id" = ?[0m  [["id", 1]]
  â†ł app/views/landing/index.html.erb:16
  [1m[36mTvShow Load (0.1ms)[0m  [1m[34mSELECT "tv_shows".* FROM "tv_shows" WHERE "tv_shows"."id" = ?[0m  [["id", 1]]
  â†ł app/views/landing/index.html.erb:16
  Rendered landing/index.html.erb within layouts/application (Duration: 8.8ms | GC: 0.0ms)
  Rendered layout layouts/application.html.erb (Duration: 9.0ms | GC: 0.0ms)
Completed 500 Internal Server Error in 11ms (ActiveRecord: 0.7ms (5 queries, 0 cached) | GC: 0.0ms)



ActionView::Template::Error (can't convert nil into Integer)
Caused by: TypeError (can't convert nil into Integer)

Information for: ActionView::Template::Error (can't convert nil into Integer):
    36:               <div class="activity-body">
    37:                 <div class="activity-header">
    38:                   <span class="activity-text">
    39:                     <%= activity_link_description(activity) %>
    40:                   </span>
    41:                   <% if trackable&.review.present? && activity.activity_type == 'reviewed' %>
    42:                     <div class="activity-review-quote">

app/helpers/activities_helper.rb:42:in `format'
app/helpers/activities_helper.rb:42:in `added_description'
app/helpers/activities_helper.rb:15:in `activity_link_description'
app/views/landing/index.html.erb:39
app/views/landing/index.html.erb:16

Information for cause: TypeError (can't convert nil into Integer):

app/helpers/activities_helper.rb:42:in `format'
app/helpers/activities_helper.rb:42:in `added_description'
app/helpers/activities_helper.rb:15:in `activity_link_description'
app/views/landing/index.html.erb:39
app/views/landing/index.html.erb:16
Started GET "/" for ::1 at 2026-06-07 07:28:41 +0000
Processing by LandingController#index as HTML
  Rendering layout layouts/application.html.erb
  Rendering landing/index.html.erb within layouts/application
  [1m[36mActivity Exists? (0.2ms)[0m  [1m[34mSELECT 1 AS one FROM "activities" LIMIT ? OFFSET ?[0m  [["LIMIT", 1], ["OFFSET", 0]]
  â†ł app/views/landing/index.html.erb:13
  [1m[36mActivity Load (0.2ms)[0m  [1m[34mSELECT "activities".* FROM "activities" ORDER BY "activities"."created_at" DESC LIMIT ? OFFSET ?[0m  [["LIMIT", 15], ["OFFSET", 0]]
  â†ł app/views/landing/index.html.erb:16
  [1m[36mUser Load (0.1ms)[0m  [1m[34mSELECT "users".* FROM "users" WHERE "users"."id" = ?[0m  [["id", 1]]
  â†ł app/views/landing/index.html.erb:16
  [1m[36mMovie Load (0.1ms)[0m  [1m[34mSELECT "movies".* FROM "movies" WHERE "movies"."id" = ?[0m  [["id", 1]]
  â†ł app/views/landing/index.html.erb:16
  [1m[36mTvShow Load (0.1ms)[0m  [1m[34mSELECT "tv_shows".* FROM "tv_shows" WHERE "tv_shows"."id" = ?[0m  [["id", 1]]
  â†ł app/views/landing/index.html.erb:16
  Rendered landing/index.html.erb within layouts/application (Duration: 8.8ms | GC: 0.2ms)
  Rendered layout layouts/application.html.erb (Duration: 9.1ms | GC: 0.2ms)
Completed 500 Internal Server Error in 11ms (ActiveRecord: 0.7ms (5 queries, 0 cached) | GC: 0.2ms)



ActionView::Template::Error (can't convert nil into Integer)
Caused by: TypeError (can't convert nil into Integer)

Information for: ActionView::Template::Error (can't convert nil into Integer):
    36:               <div class="activity-body">
    37:                 <div class="activity-header">
    38:                   <span class="activity-text">
    39:                     <%= activity_link_description(activity) %>
    40:                   </span>
    41:                   <% if trackable&.review.present? && activity.activity_type == 'reviewed' %>
    42:                     <div class="activity-review-quote">

app/helpers/activities_helper.rb:42:in `format'
app/helpers/activities_helper.rb:42:in `added_description'
app/helpers/activities_helper.rb:15:in `activity_link_description'
app/views/landing/index.html.erb:39
app/views/landing/index.html.erb:16

Information for cause: TypeError (can't convert nil into Integer):

app/helpers/activities_helper.rb:42:in `format'
app/helpers/activities_helper.rb:42:in `added_description'
app/helpers/activities_helper.rb:15:in `activity_link_description'
app/views/landing/index.html.erb:39
app/views/landing/index.html.erb:16
Started GET "/login" for ::1 at 2026-06-07 07:29:40 +0000
Processing by SessionsController#new as HTML
  Rendering layout layouts/application.html.erb
  Rendering sessions/new.html.erb within layouts/application
  Rendered sessions/new.html.erb within layouts/application (Duration: 2.3ms | GC: 0.3ms)
  Rendered layout layouts/application.html.erb (Duration: 3.3ms | GC: 0.3ms)
Completed 200 OK in 5ms (Views: 4.1ms | ActiveRecord: 0.0ms (0 queries, 0 cached) | GC: 0.3ms)


Started POST "/login" for ::1 at 2026-06-07 07:29:41 +0000
Processing by SessionsController#create as TURBO_STREAM
  Parameters: {"authenticity_token"=>"[FILTERED]", "session"=>{"email"=>"test@example.com", "password"=>"[FILTERED]"}, "commit"=>"Log in"}
  [1m[36mUser Load (0.3ms)[0m  [1m[34mSELECT "users".* FROM "users" WHERE "users"."email" = ? LIMIT ?[0m  [["email", "test@example.com"], ["LIMIT", 1]]
  â†ł app/controllers/sessions_controller.rb:11:in `create'
Redirected to http://localhost:3000/users/1
Completed 302 Found in 295ms (ActiveRecord: 0.3ms (1 query, 0 cached) | GC: 0.3ms)


Started GET "/users/1" for ::1 at 2026-06-07 07:29:41 +0000
Processing by UsersController#show as TURBO_STREAM
  Parameters: {"id"=>"1"}
  [1m[36mUser Load (0.6ms)[0m  [1m[34mSELECT "users".* FROM "users" WHERE "users"."id" = ? LIMIT ?[0m  [["id", 1], ["LIMIT", 1]]
  â†ł app/helpers/sessions_helper.rb:14:in `current_user'
  [1m[36mUser Load (0.1ms)[0m  [1m[34mSELECT "users".* FROM "users" WHERE "users"."id" = ? LIMIT ?[0m  [["id", 1], ["LIMIT", 1]]
  â†ł app/controllers/users_controller.rb:13:in `show'
  Rendering layout layouts/application.html.erb
  Rendering users/show.html.erb within layouts/application
  Rendered users/show.html.erb within layouts/application (Duration: 0.7ms | GC: 0.0ms)
  Rendered layout layouts/application.html.erb (Duration: 2.2ms | GC: 0.0ms)
Completed 200 OK in 8ms (Views: 2.9ms | ActiveRecord: 0.7ms (2 queries, 0 cached) | GC: 0.3ms)


Started GET "/users/1/edit" for ::1 at 2026-06-07 07:29:42 +0000
Processing by UsersController#edit as HTML
  Parameters: {"id"=>"1"}
  [1m[36mUser Load (0.2ms)[0m  [1m[34mSELECT "users".* FROM "users" WHERE "users"."id" = ? LIMIT ?[0m  [["id", 1], ["LIMIT", 1]]
  â†ł app/helpers/sessions_helper.rb:14:in `current_user'
  [1m[36mUser Load (0.2ms)[0m  [1m[34mSELECT "users".* FROM "users" WHERE "users"."id" = ? LIMIT ?[0m  [["id", 1], ["LIMIT", 1]]
  â†ł app/controllers/users_controller.rb:62:in `correct_user'
  [1m[36mCACHE User Load (0.0ms)[0m  [1m[34mSELECT "users".* FROM "users" WHERE "users"."id" = ? LIMIT ?[0m  [["id", 1], ["LIMIT", 1]]
  â†ł app/controllers/users_controller.rb:34:in `edit'
  Rendering layout layouts/application.html.erb
  Rendering users/edit.html.erb within layouts/application
  Rendered shared/_error_messages.html.erb (Duration: 0.4ms | GC: 0.0ms)
  Rendered users/edit.html.erb within layouts/application (Duration: 5.3ms | GC: 0.2ms)
  Rendered layout layouts/application.html.erb (Duration: 6.5ms | GC: 0.2ms)
Completed 200 OK in 12ms (Views: 7.0ms | ActiveRecord: 0.4ms (3 queries, 1 cached) | GC: 0.6ms)


Started PATCH "/users/1" for ::1 at 2026-06-07 07:29:44 +0000
Processing by UsersController#update as TURBO_STREAM
  Parameters: {"authenticity_token"=>"[FILTERED]", "user"=>{"name"=>"Test", "email"=>"test@example.com", "password"=>"[FILTERED]", "password_confirmation"=>"[FILTERED]", "bsky_handle"=>"jules.bsky.social", "bsky_app_password"=>"[FILTERED]", "bsky_post_reviews_only"=>"0", "bsky_custom_message"=>""}, "commit"=>"Save changes", "id"=>"1"}
  [1m[36mUser Load (0.3ms)[0m  [1m[34mSELECT "users".* FROM "users" WHERE "users"."id" = ? LIMIT ?[0m  [["id", 1], ["LIMIT", 1]]
  â†ł app/helpers/sessions_helper.rb:14:in `current_user'
  [1m[36mUser Load (0.2ms)[0m  [1m[34mSELECT "users".* FROM "users" WHERE "users"."id" = ? LIMIT ?[0m  [["id", 1], ["LIMIT", 1]]
  â†ł app/controllers/users_controller.rb:62:in `correct_user'
  [1m[36mCACHE User Load (0.0ms)[0m  [1m[34mSELECT "users".* FROM "users" WHERE "users"."id" = ? LIMIT ?[0m  [["id", 1], ["LIMIT", 1]]
  â†ł app/controllers/users_controller.rb:38:in `update'
  [1m[36mTRANSACTION (0.1ms)[0m  [1m[36mBEGIN immediate TRANSACTION[0m
  â†ł app/controllers/users_controller.rb:39:in `update'
  [1m[36mUser Exists? (1.4ms)[0m  [1m[34mSELECT 1 AS one FROM "users" WHERE LOWER("users"."email") = LOWER(?) AND "users"."id" != ? LIMIT ?[0m  [["email", "test@example.com"], ["id", 1], ["LIMIT", 1]]
  â†ł app/controllers/users_controller.rb:39:in `update'
  [1m[36mUser Update (0.1ms)[0m  [1m[33mUPDATE "users" SET "updated_at" = ?, "bsky_handle" = ?, "bsky_app_password" = ?, "bsky_post_reviews_only" = ?, "bsky_custom_message" = ? WHERE "users"."id" = ?[0m  [["updated_at", "2026-06-07 07:29:44.104591"], ["bsky_handle", "jules.bsky.social"], ["bsky_app_password", "[FILTERED]"], ["bsky_post_reviews_only", 0], ["bsky_custom_message", ""], ["id", 1]]
  â†ł app/controllers/users_controller.rb:39:in `update'
  [1m[36mTRANSACTION (0.1ms)[0m  [1m[36mCOMMIT TRANSACTION[0m
  â†ł app/controllers/users_controller.rb:39:in `update'
Redirected to http://localhost:3000/users/1
Completed 302 Found in 14ms (ActiveRecord: 2.1ms (5 queries, 1 cached) | GC: 0.5ms)


Started GET "/users/1" for ::1 at 2026-06-07 07:29:44 +0000
Processing by UsersController#show as TURBO_STREAM
  Parameters: {"id"=>"1"}
  [1m[36mUser Load (0.2ms)[0m  [1m[34mSELECT "users".* FROM "users" WHERE "users"."id" = ? LIMIT ?[0m  [["id", 1], ["LIMIT", 1]]
  â†ł app/helpers/sessions_helper.rb:14:in `current_user'
  [1m[36mUser Load (0.2ms)[0m  [1m[34mSELECT "users".* FROM "users" WHERE "users"."id" = ? LIMIT ?[0m  [["id", 1], ["LIMIT", 1]]
  â†ł app/controllers/users_controller.rb:13:in `show'
  Rendering layout layouts/application.html.erb
  Rendering users/show.html.erb within layouts/application
  Rendered users/show.html.erb within layouts/application (Duration: 0.3ms | GC: 0.0ms)
  Rendered layout layouts/application.html.erb (Duration: 1.6ms | GC: 0.0ms)
Completed 200 OK in 6ms (Views: 2.3ms | ActiveRecord: 0.4ms (2 queries, 0 cached) | GC: 0.0ms)


Started GET "/tv_shows/1" for ::1 at 2026-06-07 07:29:45 +0000
Processing by TvShowsController#show as HTML
  Parameters: {"id"=>"1"}
  [1m[36mUser Load (0.2ms)[0m  [1m[34mSELECT "users".* FROM "users" WHERE "users"."id" = ? LIMIT ?[0m  [["id", 1], ["LIMIT", 1]]
  â†ł app/helpers/sessions_helper.rb:14:in `current_user'
  [1m[36mTvShow Load (0.2ms)[0m  [1m[34mSELECT "tv_shows".* FROM "tv_shows" WHERE "tv_shows"."id" = ? LIMIT ?[0m  [["id", 1], ["LIMIT", 1]]
  â†ł app/controllers/inventory_controller.rb:52:in `show'
  Rendering layout layouts/application.html.erb
  Rendering tv_shows/show.html.erb within layouts/application
  [1m[36mActiveStorage::Attachment Load (0.1ms)[0m  [1m[34mSELECT "active_storage_attachments".* FROM "active_storage_attachments" WHERE "active_storage_attachments"."record_id" = ? AND "active_storage_attachments"."record_type" = ? AND "active_storage_attachments"."name" = ? LIMIT ?[0m  [["record_id", 1], ["record_type", "TvShow"], ["name", "cover_image"], ["LIMIT", 1]]
  â†ł app/views/tv_shows/show.html.erb:4
  [1m[36mTvShow Load (0.1ms)[0m  [1m[34mSELECT "tv_shows".* FROM "tv_shows" WHERE (LOWER(title) = ?)[0m  [[nil, "breaking bad"]]
  â†ł app/helpers/application_helper.rb:18:in `map'
  [1m[36mUser Load (0.1ms)[0m  [1m[34mSELECT "users".* FROM "users" WHERE "users"."id" = ?[0m  [["id", 1]]
  â†ł app/helpers/application_helper.rb:18:in `map'
  Rendered tv_shows/show.html.erb within layouts/application (Duration: 6.0ms | GC: 0.9ms)
  Rendered layout layouts/application.html.erb (Duration: 7.5ms | GC: 0.9ms)
Completed 200 OK in 12ms (Views: 8.0ms | ActiveRecord: 0.7ms (5 queries, 0 cached) | GC: 1.2ms)


Started GET "/tv_shows/1/edit" for ::1 at 2026-06-07 07:29:46 +0000
Processing by TvShowsController#edit as HTML
  Parameters: {"id"=>"1"}
  [1m[36mUser Load (0.2ms)[0m  [1m[34mSELECT "users".* FROM "users" WHERE "users"."id" = ? LIMIT ?[0m  [["id", 1], ["LIMIT", 1]]
  â†ł app/helpers/sessions_helper.rb:14:in `current_user'
  [1m[36mTvShow Load (0.1ms)[0m  [1m[34mSELECT "tv_shows".* FROM "tv_shows" WHERE "tv_shows"."id" = ? LIMIT ?[0m  [["id", 1], ["LIMIT", 1]]
  â†ł app/controllers/inventory_controller.rb:32:in `edit'
  [1m[36mCACHE User Load (0.0ms)[0m  [1m[34mSELECT "users".* FROM "users" WHERE "users"."id" = ? LIMIT ?[0m  [["id", 1], ["LIMIT", 1]]
  â†ł app/controllers/inventory_controller.rb:33:in `edit'
Completed 406 Not Acceptable in 7ms (ActiveRecord: 0.3ms (3 queries, 1 cached) | GC: 0.0ms)



ActionController::MissingExactTemplate (TvShowsController#edit is missing a template for request formats: text/html):

actionpack (8.1.3) lib/action_controller/metal/implicit_render.rb:49:in `default_render'
actionpack (8.1.3) lib/action_controller/metal/basic_implicit_render.rb:9:in `send_action'
actionpack (8.1.3) lib/abstract_controller/base.rb:221:in `process_action'
actionpack (8.1.3) lib/action_controller/metal/rendering.rb:199:in `process_action'
actionpack (8.1.3) lib/abstract_controller/callbacks.rb:267:in `block in process_action'
activesupport (8.1.3) lib/active_support/callbacks.rb:121:in `block in run_callbacks'
turbo-rails (2.0.23) lib/turbo-rails.rb:24:in `with_request_id'
turbo-rails (2.0.23) app/controllers/concerns/turbo/request_id_tracking.rb:10:in `turbo_tracking_request_id'
activesupport (8.1.3) lib/active_support/callbacks.rb:130:in `block in run_callbacks'
activesupport (8.1.3) lib/active_support/callbacks.rb:141:in `run_callbacks'
actionpack (8.1.3) lib/abstract_controller/callbacks.rb:266:in `process_action'
actionpack (8.1.3) lib/action_controller/metal/rescue.rb:36:in `process_action'
actionpack (8.1.3) lib/action_controller/metal/instrumentation.rb:76:in `block in process_action'
activesupport (8.1.3) lib/active_support/notifications.rb:210:in `block in instrument'
activesupport (8.1.3) lib/active_support/notifications/instrumenter.rb:58:in `instrument'
activesupport (8.1.3) lib/active_support/notifications.rb:210:in `instrument'
actionpack (8.1.3) lib/action_controller/metal/instrumentation.rb:75:in `process_action'
actionpack (8.1.3) lib/action_controller/metal/params_wrapper.rb:259:in `process_action'
activerecord (8.1.3) lib/active_record/railties/controller_runtime.rb:39:in `process_action'
actionpack (8.1.3) lib/abstract_controller/base.rb:154:in `process'
actionview (8.1.3) lib/action_view/rendering.rb:40:in `process'
actionpack (8.1.3) lib/action_controller/metal.rb:252:in `dispatch'
actionpack (8.1.3) lib/action_controller/metal.rb:335:in `dispatch'
actionpack (8.1.3) lib/action_dispatch/routing/route_set.rb:65:in `dispatch'
actionpack (8.1.3) lib/action_dispatch/routing/route_set.rb:50:in `serve'
actionpack (8.1.3) lib/action_dispatch/journey/router.rb:35:in `block in serve'
actionpack (8.1.3) lib/action_dispatch/journey/router.rb:86:in `block in recognize'
actionpack (8.1.3) lib/action_dispatch/journey/router.rb:66:in `each'
actionpack (8.1.3) lib/action_dispatch/journey/router.rb:66:in `recognize'
actionpack (8.1.3) lib/action_dispatch/journey/router.rb:31:in `serve'
actionpack (8.1.3) lib/action_dispatch/routing/route_set.rb:906:in `call'
railties (8.1.3) lib/rails/engine/lazy_route_set.rb:60:in `call'
rack (3.2.6) lib/rack/tempfile_reaper.rb:20:in `call'
rack (3.2.6) lib/rack/etag.rb:29:in `call'
rack (3.2.6) lib/rack/conditional_get.rb:31:in `call'
rack (3.2.6) lib/rack/head.rb:15:in `call'
actionpack (8.1.3) lib/action_dispatch/http/permissions_policy.rb:38:in `call'
actionpack (8.1.3) lib/action_dispatch/http/content_security_policy.rb:38:in `call'
rack-session (2.1.2) lib/rack/session/abstract/id.rb:274:in `context'
rack-session (2.1.2) lib/rack/session/abstract/id.rb:268:in `call'
actionpack (8.1.3) lib/action_dispatch/middleware/cookies.rb:708:in `call'
activerecord (8.1.3) lib/active_record/migration.rb:671:in `call'
actionpack (8.1.3) lib/action_dispatch/middleware/callbacks.rb:31:in `block in call'
activesupport (8.1.3) lib/active_support/callbacks.rb:101:in `run_callbacks'
actionpack (8.1.3) lib/action_dispatch/middleware/callbacks.rb:30:in `call'
actionpack (8.1.3) lib/action_dispatch/middleware/executor.rb:20:in `call'
actionpack (8.1.3) lib/action_dispatch/middleware/actionable_exceptions.rb:18:in `call'
actionpack (8.1.3) lib/action_dispatch/middleware/debug_exceptions.rb:31:in `call'
web-console (4.3.0) lib/web_console/middleware.rb:132:in `call_app'
web-console (4.3.0) lib/web_console/middleware.rb:28:in `block in call'
web-console (4.3.0) lib/web_console/middleware.rb:17:in `catch'
web-console (4.3.0) lib/web_console/middleware.rb:17:in `call'
actionpack (8.1.3) lib/action_dispatch/middleware/show_exceptions.rb:32:in `call'
railties (8.1.3) lib/rails/rack/logger.rb:41:in `call_app'
railties (8.1.3) lib/rails/rack/logger.rb:29:in `call'
propshaft (1.3.2) lib/propshaft/quiet_assets.rb:11:in `call'
actionpack (8.1.3) lib/action_dispatch/middleware/remote_ip.rb:98:in `call'
actionpack (8.1.3) lib/action_dispatch/middleware/request_id.rb:34:in `call'
rack (3.2.6) lib/rack/method_override.rb:28:in `call'
rack (3.2.6) lib/rack/runtime.rb:24:in `call'
activesupport (8.1.3) lib/active_support/cache/strategy/local_cache_middleware.rb:30:in `call'
actionpack (8.1.3) lib/action_dispatch/middleware/server_timing.rb:61:in `block in call'
actionpack (8.1.3) lib/action_dispatch/middleware/server_timing.rb:26:in `collect_events'
actionpack (8.1.3) lib/action_dispatch/middleware/server_timing.rb:60:in `call'
actionpack (8.1.3) lib/action_dispatch/middleware/executor.rb:20:in `call'
propshaft (1.3.2) lib/propshaft/server.rb:37:in `call'
actionpack (8.1.3) lib/action_dispatch/middleware/static.rb:27:in `call'
rack (3.2.6) lib/rack/sendfile.rb:131:in `call'
actionpack (8.1.3) lib/action_dispatch/middleware/host_authorization.rb:143:in `call'
railties (8.1.3) lib/rails/engine.rb:534:in `call'
puma (8.0.2) lib/puma/configuration.rb:305:in `call'
puma (8.0.2) lib/puma/response.rb:79:in `block in handle_request'
puma (8.0.2) lib/puma/thread_pool.rb:434:in `with_force_shutdown'
puma (8.0.2) lib/puma/response.rb:78:in `handle_request'
puma (8.0.2) lib/puma/server.rb:508:in `process_client'
puma (8.0.2) lib/puma/server.rb:263:in `block in run'
puma (8.0.2) lib/puma/thread_pool.rb:246:in `block in spawn_thread'
Started GET "/login" for ::1 at 2026-06-07 07:35:10 +0000
Processing by SessionsController#new as HTML
  Rendering layout layouts/application.html.erb
  Rendering sessions/new.html.erb within layouts/application
  Rendered sessions/new.html.erb within layouts/application (Duration: 2.5ms | GC: 0.0ms)
  Rendered layout layouts/application.html.erb (Duration: 6.1ms | GC: 0.3ms)
Completed 200 OK in 10ms (Views: 8.1ms | ActiveRecord: 0.0ms (0 queries, 0 cached) | GC: 0.7ms)


Started POST "/login" for ::1 at 2026-06-07 07:35:12 +0000
Processing by SessionsController#create as TURBO_STREAM
  Parameters: {"authenticity_token"=>"[FILTERED]", "session"=>{"email"=>"test@example.com", "password"=>"[FILTERED]"}, "commit"=>"Log in"}
  [1m[36mUser Load (1.7ms)[0m  [1m[34mSELECT "users".* FROM "users" WHERE "users"."email" = ? LIMIT ?[0m  [["email", "test@example.com"], ["LIMIT", 1]]
  â†ł app/controllers/sessions_controller.rb:11:in `create'
Redirected to http://localhost:3000/users/1
Completed 302 Found in 303ms (ActiveRecord: 1.7ms (1 query, 0 cached) | GC: 0.5ms)


Started GET "/users/1" for ::1 at 2026-06-07 07:35:12 +0000
Processing by UsersController#show as TURBO_STREAM
  Parameters: {"id"=>"1"}
  [1m[36mUser Load (0.2ms)[0m  [1m[34mSELECT "users".* FROM "users" WHERE "users"."id" = ? LIMIT ?[0m  [["id", 1], ["LIMIT", 1]]
  â†ł app/helpers/sessions_helper.rb:14:in `current_user'
  [1m[36mUser Load (0.1ms)[0m  [1m[34mSELECT "users".* FROM "users" WHERE "users"."id" = ? LIMIT ?[0m  [["id", 1], ["LIMIT", 1]]
  â†ł app/controllers/users_controller.rb:13:in `show'
  Rendering layout layouts/application.html.erb
  Rendering users/show.html.erb within layouts/application
  Rendered users/show.html.erb within layouts/application (Duration: 1.0ms | GC: 0.4ms)
  Rendered layout layouts/application.html.erb (Duration: 2.6ms | GC: 0.4ms)
Completed 200 OK in 8ms (Views: 3.4ms | ActiveRecord: 0.3ms (2 queries, 0 cached) | GC: 0.4ms)


Started GET "/tv_shows/1" for ::1 at 2026-06-07 07:35:13 +0000
Processing by TvShowsController#show as HTML
  Parameters: {"id"=>"1"}
  [1m[36mUser Load (0.2ms)[0m  [1m[34mSELECT "users".* FROM "users" WHERE "users"."id" = ? LIMIT ?[0m  [["id", 1], ["LIMIT", 1]]
  â†ł app/helpers/sessions_helper.rb:14:in `current_user'
  [1m[36mTvShow Load (0.2ms)[0m  [1m[34mSELECT "tv_shows".* FROM "tv_shows" WHERE "tv_shows"."id" = ? LIMIT ?[0m  [["id", 1], ["LIMIT", 1]]
  â†ł app/controllers/inventory_controller.rb:52:in `show'
  Rendering layout layouts/application.html.erb
  Rendering tv_shows/show.html.erb within layouts/application
  [1m[36mActiveStorage::Attachment Load (0.2ms)[0m  [1m[34mSELECT "active_storage_attachments".* FROM "active_storage_attachments" WHERE "active_storage_attachments"."record_id" = ? AND "active_storage_attachments"."record_type" = ? AND "active_storage_attachments"."name" = ? LIMIT ?[0m  [["record_id", 1], ["record_type", "TvShow"], ["name", "cover_image"], ["LIMIT", 1]]
  â†ł app/views/tv_shows/show.html.erb:4
  [1m[36mCACHE User Load (0.0ms)[0m  [1m[34mSELECT "users".* FROM "users" WHERE "users"."id" = ? LIMIT ?[0m  [["id", 1], ["LIMIT", 1]]
  â†ł app/views/tv_shows/show.html.erb:18
  [1m[36mTvShow Load (0.2ms)[0m  [1m[34mSELECT "tv_shows".* FROM "tv_shows" WHERE (LOWER(title) = ?)[0m  [[nil, "breaking bad"]]
  â†ł app/helpers/application_helper.rb:18:in `map'
  [1m[36mUser Load (0.2ms)[0m  [1m[34mSELECT "users".* FROM "users" WHERE "users"."id" = ?[0m  [["id", 1]]
  â†ł app/helpers/application_helper.rb:18:in `map'
  Rendered tv_shows/show.html.erb within layouts/application (Duration: 13.3ms | GC: 0.6ms)
  Rendered layout layouts/application.html.erb (Duration: 14.7ms | GC: 0.6ms)
Completed 200 OK in 38ms (Views: 14.9ms | ActiveRecord: 1.1ms (6 queries, 1 cached) | GC: 1.8ms)


Started GET "/tv_shows/1/edit" for ::1 at 2026-06-07 07:35:14 +0000
Processing by TvShowsController#edit as HTML
  Parameters: {"id"=>"1"}
  [1m[36mUser Load (0.2ms)[0m  [1m[34mSELECT "users".* FROM "users" WHERE "users"."id" = ? LIMIT ?[0m  [["id", 1], ["LIMIT", 1]]
  â†ł app/helpers/sessions_helper.rb:14:in `current_user'
  [1m[36mTvShow Load (0.2ms)[0m  [1m[34mSELECT "tv_shows".* FROM "tv_shows" WHERE "tv_shows"."id" = ? LIMIT ?[0m  [["id", 1], ["LIMIT", 1]]
  â†ł app/controllers/inventory_controller.rb:32:in `edit'
  [1m[36mCACHE User Load (0.0ms)[0m  [1m[34mSELECT "users".* FROM "users" WHERE "users"."id" = ? LIMIT ?[0m  [["id", 1], ["LIMIT", 1]]
  â†ł app/controllers/inventory_controller.rb:33:in `edit'
  Rendering layout layouts/application.html.erb
  Rendering tv_shows/edit.html.erb within layouts/application
  Rendered tv_shows/edit.html.erb within layouts/application (Duration: 8.7ms | GC: 0.0ms)
  Rendered layout layouts/application.html.erb (Duration: 10.0ms | GC: 0.0ms)
Completed 200 OK in 16ms (Views: 10.7ms | ActiveRecord: 0.4ms (3 queries, 1 cached) | GC: 0.0ms)
