=> Booting Puma
=> Rails 8.1.3 application starting in development
=> Run `bin/rails server --help` for more startup options
Puma starting in single mode...
* Puma version: 8.0.2 ("Into the Arena")
* Ruby version: ruby 3.2.3 (2024-01-18 revision 52bb2ac0a6) [x86_64-linux-gnu]
*  Min threads: 0
*  Max threads: 5
*  Environment: development
*          PID: 833431
* Listening on http://127.0.0.1:3000
* Listening on http://[::1]:3000
Use Ctrl-C to stop
Started GET "/login" for ::1 at 2026-06-17 03:41:51 +0000
  [1m[36mActiveRecord::SchemaMigration Load (0.2ms)[0m  [1m[34mSELECT "schema_migrations"."version" FROM "schema_migrations" ORDER BY "schema_migrations"."version" ASC[0m
Processing by SessionsController#new as HTML
  Rendering layout layouts/application.html.erb
  Rendering sessions/new.html.erb within layouts/application
  Rendered sessions/new.html.erb within layouts/application (Duration: 8.6ms | GC: 0.6ms)
  Rendered layout layouts/application.html.erb (Duration: 20.1ms | GC: 1.3ms)
Completed 200 OK in 39ms (Views: 25.2ms | ActiveRecord: 0.0ms (0 queries, 0 cached) | GC: 2.1ms)


Started POST "/login" for ::1 at 2026-06-17 03:41:52 +0000
Processing by SessionsController#create as TURBO_STREAM
  Parameters: {"authenticity_token"=>"[FILTERED]", "session"=>{"email"=>"user@example.com", "password"=>"[FILTERED]"}, "commit"=>"Log in"}
  [1m[36mUser Load (0.4ms)[0m  [1m[34mSELECT "users".* FROM "users" WHERE "users"."email" = ? LIMIT ?[0m  [["email", "user@example.com"], ["LIMIT", 1]]
  â†ł app/controllers/sessions_controller.rb:11:in `create'
Redirected to http://localhost:3000/users/4
Completed 302 Found in 350ms (ActiveRecord: 3.2ms (1 query, 0 cached) | GC: 11.1ms)


Started GET "/users/4" for ::1 at 2026-06-17 03:41:52 +0000
Processing by UsersController#show as TURBO_STREAM
  Parameters: {"id"=>"4"}
  [1m[36mUser Load (0.3ms)[0m  [1m[34mSELECT "users".* FROM "users" WHERE "users"."id" = ? LIMIT ?[0m  [["id", 4], ["LIMIT", 1]]
  â†ł app/helpers/sessions_helper.rb:14:in `current_user'
  [1m[36mUser Load (0.2ms)[0m  [1m[34mSELECT "users".* FROM "users" WHERE "users"."id" = ? LIMIT ?[0m  [["id", 4], ["LIMIT", 1]]
  â†ł app/controllers/users_controller.rb:13:in `show'
  Rendering layout layouts/application.html.erb
  Rendering users/show.html.erb within layouts/application
  Rendered users/show.html.erb within layouts/application (Duration: 0.9ms | GC: 0.0ms)
  Rendered layout layouts/application.html.erb (Duration: 3.3ms | GC: 0.3ms)
Completed 200 OK in 9ms (Views: 4.1ms | ActiveRecord: 0.5ms (2 queries, 0 cached) | GC: 0.3ms)


- Gracefully stopping, waiting for requests to finish
Exiting
